<?xml version="1.0" encoding="UTF-8"?>
<!-- Generated by org.testng.reporters.JUnitReportReporter -->
<testsuite hostname="SL-1352" name="com.DemoTest.Tests.WebDemoTest" tests="37" failures="0" timestamp="25 Feb 2021 14:10:31 GMT" time="895.474" errors="1">
  <testcase name="LoginProblemUser" time="23.596" classname="com.DemoTest.Tests.WebDemoTest"/>
  <testcase name="Login" time="24.171" classname="com.DemoTest.Tests.WebDemoTest"/>
  <testcase name="Login" time="26.749" classname="com.DemoTest.Tests.WebDemoTest"/>
  <testcase name="LoginPerfGlitchUser" time="30.904" classname="com.DemoTest.Tests.WebDemoTest"/>
  <testcase name="LoginProblemUser" time="22.774" classname="com.DemoTest.Tests.WebDemoTest"/>
  <testcase name="LoginLockedoutUser" time="20.371" classname="com.DemoTest.Tests.WebDemoTest"/>
  <testcase name="LoginProblemUser" time="24.439" classname="com.DemoTest.Tests.WebDemoTest"/>
  <testcase name="Login" time="25.814" classname="com.DemoTest.Tests.WebDemoTest"/>
  <testcase name="LoginPerfGlitchUser" time="32.649" classname="com.DemoTest.Tests.WebDemoTest"/>
  <testcase name="LoginLockedoutUser" time="31.743" classname="com.DemoTest.Tests.WebDemoTest"/>
  <testcase name="LoginProblemUser" time="17.292" classname="com.DemoTest.Tests.WebDemoTest"/>
  <testcase name="LoginPerfGlitchUser" time="25.956" classname="com.DemoTest.Tests.WebDemoTest"/>
  <testcase name="Login" time="28.211" classname="com.DemoTest.Tests.WebDemoTest"/>
  <testcase name="LoginProblemUser" time="16.920" classname="com.DemoTest.Tests.WebDemoTest"/>
  <testcase name="LoginPerfGlitchUser" time="29.386" classname="com.DemoTest.Tests.WebDemoTest"/>
  <testcase name="LoginProblemUser" time="24.932" classname="com.DemoTest.Tests.WebDemoTest"/>
  <testcase name="LoginLockedoutUser" time="26.360" classname="com.DemoTest.Tests.WebDemoTest"/>
  <testcase name="LoginPerfGlitchUser" time="26.146" classname="com.DemoTest.Tests.WebDemoTest"/>
  <testcase name="LoginProblemUser" time="19.522" classname="com.DemoTest.Tests.WebDemoTest"/>
  <testcase name="Login" time="26.192" classname="com.DemoTest.Tests.WebDemoTest"/>
  <testcase name="LoginPerfGlitchUser" time="25.514" classname="com.DemoTest.Tests.WebDemoTest"/>
  <testcase name="LoginProblemUser" time="21.542" classname="com.DemoTest.Tests.WebDemoTest"/>
  <testcase name="Login" time="27.929" classname="com.DemoTest.Tests.WebDemoTest"/>
  <testcase name="LoginLockedoutUser" time="22.125" classname="com.DemoTest.Tests.WebDemoTest"/>
  <testcase name="Login" time="28.599" classname="com.DemoTest.Tests.WebDemoTest"/>
  <testcase name="Login" time="26.013" classname="com.DemoTest.Tests.WebDemoTest"/>
  <testcase name="LoginLockedoutUser" time="16.068" classname="com.DemoTest.Tests.WebDemoTest"/>
  <testcase name="LoginPerfGlitchUser" time="29.592" classname="com.DemoTest.Tests.WebDemoTest"/>
  <testcase name="LoginLockedoutUser" time="16.378" classname="com.DemoTest.Tests.WebDemoTest"/>
  <testcase name="LoginLockedoutUser" time="23.370" classname="com.DemoTest.Tests.WebDemoTest"/>
  <testcase name="LoginPerfGlitchUser" time="24.161" classname="com.DemoTest.Tests.WebDemoTest"/>
  <testcase name="Login" time="31.595" classname="com.DemoTest.Tests.WebDemoTest"/>
  <testcase name="LoginLockedoutUser" time="23.495" classname="com.DemoTest.Tests.WebDemoTest"/>
  <testcase name="LoginLockedoutUser" time="25.584" classname="com.DemoTest.Tests.WebDemoTest"/>
  <testcase name="LoginProblemUser" time="21.764" classname="com.DemoTest.Tests.WebDemoTest"/>
  <testcase name="LoginPerfGlitchUser" time="27.618" classname="com.DemoTest.Tests.WebDemoTest"/>
  <testcase name="LoginLinux" time="0.000" classname="com.DemoTest.Tests.WebDemoTest">
    <error type="org.testng.TestNGException" message="
Method public void com.DemoTest.Tests.WebDemoTest.LoginLinux(java.lang.String,java.lang.String,java.lang.String,java.lang.reflect.Method) throws java.net.MalformedURLException,org.openqa.selenium.InvalidElementStateException,java.rmi.UnexpectedException requires a @DataProvider named : hardCodedBrowserslinux">
      <![CDATA[org.testng.TestNGException: 
Method public void com.DemoTest.Tests.WebDemoTest.LoginLinux(java.lang.String,java.lang.String,java.lang.String,java.lang.reflect.Method) throws java.net.MalformedURLException,org.openqa.selenium.InvalidElementStateException,java.rmi.UnexpectedException requires a @DataProvider named : hardCodedBrowserslinux
	at org.testng.internal.Parameters.findDataProvider(Parameters.java:263)
	at org.testng.internal.Parameters.handleParameters(Parameters.java:419)
	at org.testng.internal.Invoker.handleParameters(Invoker.java:1274)
	at org.testng.internal.Invoker.createParameters(Invoker.java:989)
	at org.testng.internal.Invoker.invokeTestMethods(Invoker.java:1079)
	at org.testng.internal.TestMethodWorker.invokeTestMethods(TestMethodWorker.java:129)
	at org.testng.internal.TestMethodWorker.run(TestMethodWorker.java:112)
	at org.testng.TestRunner.privateRun(TestRunner.java:782)
	at org.testng.TestRunner.run(TestRunner.java:632)
	at org.testng.SuiteRunner.runTest(SuiteRunner.java:366)
	at org.testng.SuiteRunner.runSequentially(SuiteRunner.java:361)
	at org.testng.SuiteRunner.privateRun(SuiteRunner.java:319)
	at org.testng.SuiteRunner.run(SuiteRunner.java:268)
	at org.testng.SuiteRunnerWorker.runSuite(SuiteRunnerWorker.java:52)
	at org.testng.SuiteRunnerWorker.run(SuiteRunnerWorker.java:86)
	at org.testng.TestNG.runSuitesSequentially(TestNG.java:1244)
	at org.testng.TestNG.runSuitesLocally(TestNG.java:1169)
	at org.testng.TestNG.run(TestNG.java:1064)
	at org.apache.maven.surefire.testng.TestNGExecutor.run(TestNGExecutor.java:77)
	at org.apache.maven.surefire.testng.TestNGDirectoryTestSuite.executeMulti(TestNGDirectoryTestSuite.java:159)
	at org.apache.maven.surefire.testng.TestNGDirectoryTestSuite.execute(TestNGDirectoryTestSuite.java:99)
	at org.apache.maven.surefire.testng.TestNGProvider.invoke(TestNGProvider.java:106)
	at sun.reflect.NativeMethodAccessorImpl.invoke0(Native Method)
	at sun.reflect.NativeMethodAccessorImpl.invoke(NativeMethodAccessorImpl.java:62)
	at sun.reflect.DelegatingMethodAccessorImpl.invoke(DelegatingMethodAccessorImpl.java:43)
	at java.lang.reflect.Method.invoke(Method.java:498)
	at org.apache.maven.surefire.util.ReflectionUtils.invokeMethodWithArray(ReflectionUtils.java:189)
	at org.apache.maven.surefire.booter.ProviderFactory$ProviderProxy.invoke(ProviderFactory.java:165)
	at org.apache.maven.surefire.booter.ProviderFactory.invokeProvider(ProviderFactory.java:85)
	at org.apache.maven.surefire.booter.ForkedBooter.runSuitesInProcess(ForkedBooter.java:115)
	at org.apache.maven.surefire.booter.ForkedBooter.main(ForkedBooter.java:75)
]]>
    </error>
  </testcase> <!-- LoginLinux -->
</testsuite> <!-- com.DemoTest.Tests.WebDemoTest -->
